Started by user [8mha:////4DSHz5odlkv+AW6ysSMk451hKuaDxUJevFYKaxAilkPfAAAAlx+LCAAAAAAAAP9b85aBtbiIQTGjNKU4P08vOT+vOD8nVc83PyU1x6OyILUoJzMv2y+/JJUBAhiZGBgqihhk0NSjKDWzXb3RdlLBUSYGJk8GtpzUvPSSDB8G5tKinBIGIZ+sxLJE/ZzEvHT94JKizLx0a6BxUmjGOUNodHsLgAzeEgZu/dLi1CL94tzMkkQAMT/n7cAAAAA=[0mSmita B Kumar
Obtained Jenkinsfile from git https://github.com/brijeshsmita/jenkins-maven-pipeline-sample.git
[8mha:////4I870u5R62nfiUMW9Eq75mqby+UE3mcRzByXz0VdBHQFAAAAoh+LCAAAAAAAAP9tjTEOwjAQBM8BClpKHuFItIiK1krDC0x8GCfWnbEdkooX8TX+gCESFVvtrLSa5wtWKcKBo5UdUu8otU4GP9jS5Mixv3geZcdn2TIl9igbHBs2eJyx4YwwR1SwULBGaj0nRzbDRnX6rmuvydanHMu2V1A5c4MHCFXMWcf8hSnC9jqYxPTz/BXAFEIGsfuclm8zQVqFvQAAAA==[0m[Pipeline] Start of Pipeline
[8mha:////4IIbcrQqQ8ejanB3csa75YIMYQD/NZpkS1Gp5HeL1lc3AAAApR+LCAAAAAAAAP9tjTEOwjAUQ3+KOrAycohUghExsUZZOEFIQkgb/d8mKe3EibgadyBQiQlLlmxL1nu+oE4RjhQdby12HpP2vA+jK4lPFLtroIm3dOGaMFGwXNpJkrGnpUrKFhaxClYC1hZ1oOTRZdiIVt1VExS65pxj2Q4CKm8GeAAThZxVzN8yR9jeRpMIf5y/AJj7DGxXvP/86jduZBmjwAAAAA==[0m[Pipeline] node
Running on [8mha:////4KmYbmDH+1efZtfiVslurGAuOJS6RGW4rqDKnuC1FUXnAAAAoR+LCAAAAAAAAP9b85aBtbiIQTGjNKU4P08vOT+vOD8nVc83PyU1x6OyILUoJzMv2y+/JJUBAhiZGBgqihhk0NSjKDWzXb3RdlLBUSYGJk8GtpzUvPSSDB8G5tKinBIGIZ+sxLJE/ZzEvHT94JKizLx0a6BxUmjGOUNodHsLgAz2EgZR/eT83ILSktQifY2k0sycEt3MPE19AHHxbH3KAAAA[0mJenkins in C:\Users\smitkuma\.jenkins\workspace\my-first-pipeline-java
[8mha:////4EzAAs36Zob1sJE1oK3PcGSdYoCuADCGIttSrsyHoTW2AAAApR+LCAAAAAAAAP9tjTEOwjAUQ3+KOrAycoh0gA0xsUZZOEFIQkgb/d8mKe3EibgadyBQiQlLlmxL1nu+oE4RjhQdby12HpP2vA+jK4lPFLtroIm3dOGaMFGwXNpJkrGnpUrKFhaxClYC1hZ1oOTRZdiIVt1VExS65pxj2Q4CKm8GeAAThZxVzN8yR9jeRpMIf5y/AJj7DGxXvP/86jfoP95RwAAAAA==[0m[Pipeline] {
[8mha:////4HAG0n2L0Ar8khgWaxj/VQX4k9zf6fmtRQV8eTuIUzQ9AAAApR+LCAAAAAAAAP9tjTEOwjAUQ3+KOrAycoh0gQkxsUZZOEFIQkgb/d8mKe3EibgadyBQiQlLlmxL1nu+oE4RjhQdby12HpP2vA+jK4lPFLtroIm3dOGaMFGwXNpJkrGnpUrKFhaxClYC1hZ1oOTRZdiIVt1VExS65pxj2Q4CKm8GeAAThZxVzN8yR9jeRpMIf5y/AJj7DGxXvP/86jc09154wAAAAA==[0m[Pipeline] stage
[8mha:////4KrYZgR8I9B/pXxgHe3uR0lcIoHZGg+Z/7kKX8bTEbOIAAAApR+LCAAAAAAAAP9tjTEOwjAUQ3+KOrAycoh0ggUxsUZZOEFIQkgb/d8mKe3EibgadyBQiQlLlmxL1nu+oE4RjhQdby12HpP2vA+jK4lPFLtroIm3dOGaMFGwXNpJkrGnpUrKFhaxClYC1hZ1oOTRZdiIVt1VExS65pxj2Q4CKm8GeAAThZxVzN8yR9jeRpMIf5y/AJj7DGxXvP/86jek7ggRwAAAAA==[0m[Pipeline] { (Clone the project)
[8mha:////4EAnyWIrvot3sijaFpPWOLo6DqL06P70eOzH/dYQZCeuAAAAoh+LCAAAAAAAAP9tjTEOAiEURD9rLGwtPQTbaWGsbAmNJ0AWEZb8zwLrbuWJvJp3kLiJlZNMMm+a93rDOic4UbLcG+wdZu14DKOti0+U+lugiXu6ck2YKRguzSSpM+cFJRUDS1gDKwEbgzpQdmgLbIVXD9UGhba9lFS/o4DGdQM8gYlqLiqVL8wJdvexy4Q/z18BzLEA29ce4gfg7KmOvAAAAA==[0m[Pipeline] git
The recommended git tool is: NONE
No credentials specified
 > C:\Program Files\Git\bin\git.exe rev-parse --resolve-git-dir C:\Users\smitkuma\.jenkins\workspace\my-first-pipeline-java\.git # timeout=10
Fetching changes from the remote Git repository
 > C:\Program Files\Git\bin\git.exe config remote.origin.url https://github.com/brijeshsmita/jenkins-maven-pipeline-sample.git # timeout=10
Fetching upstream changes from https://github.com/brijeshsmita/jenkins-maven-pipeline-sample.git
 > C:\Program Files\Git\bin\git.exe --version # timeout=10
 > git --version # 'git version 2.40.0.windows.1'
 > C:\Program Files\Git\bin\git.exe fetch --tags --force --progress -- https://github.com/brijeshsmita/jenkins-maven-pipeline-sample.git +refs/heads/*:refs/remotes/origin/* # timeout=10
 > C:\Program Files\Git\bin\git.exe rev-parse "refs/remotes/origin/master^{commit}" # timeout=10
Checking out Revision 0a2fe96b4b135ef7a5364893bb72e2b19b111b30 (refs/remotes/origin/master)
 > C:\Program Files\Git\bin\git.exe config core.sparsecheckout # timeout=10
 > C:\Program Files\Git\bin\git.exe checkout -f 0a2fe96b4b135ef7a5364893bb72e2b19b111b30 # timeout=10
 > C:\Program Files\Git\bin\git.exe branch -a -v --no-abbrev # timeout=10
 > C:\Program Files\Git\bin\git.exe branch -D master # timeout=10
 > C:\Program Files\Git\bin\git.exe checkout -b master 0a2fe96b4b135ef7a5364893bb72e2b19b111b30 # timeout=10
Commit message: "deployment cmd changed"
 > C:\Program Files\Git\bin\git.exe rev-list --no-walk 0a2fe96b4b135ef7a5364893bb72e2b19b111b30 # timeout=10
[8mha:////4Ci3QEzjoS7cQ68pyohTEqDoMEd6/H9VKnG6pQ1Pxr0gAAAAoh+LCAAAAAAAAP9tjTEOAiEURD9rLGwtPQTbGRNjZUtoPAGyiLDkfxZYdytP5NW8g8RNrJxkknnTvNcb1jnBiZLl3mDvMGvHYxhtXXyi1N8CTdzTlWvCTMFwaSZJnTkvKKkYWMIaWAnYGNSBskNbYCu8eqg2KLTtpaT6HQU0rhvgCUxUc1GpfGFOsLuPXSb8ef4KYI6xADvU7j9Dg2gqvAAAAA==[0m[Pipeline] }
[8mha:////4CcgJgxpOQT1wPTzu0t0xDHpD9sRT7uKvQEUZwh4D7mmAAAAoh+LCAAAAAAAAP9tjTEOAiEURD9rLGwtPQRbWRhjZUtoPAGyiLDkfxZYdytP5NW8g8RNrJxkknnTvNcb1jnBiZLl3mDvMGvHYxhtXXyi1N8CTdzTlWvCTMFwaSZJnTkvKKkYWMIaWAnYGNSBskNbYCu8eqg2KLTtpaT6HQU0rhvgCUxUc1GpfGFOsLuPXSb8ef4KYI6xADvU7j9J+wGOvAAAAA==[0m[Pipeline] // stage
[8mha:////4NqS5Jxu0L3+/F6r5FIUPNkFTMCSalYHNWhpNeTsoXAiAAAAph+LCAAAAAAAAP9tjTEOwjAQBM9BKWgpeYQDEh2iorXc8AITG+PEugv2haTiRXyNPxCIRMVWOyut5vmCMic4UPKycdgGzHWQXez91ORAqb1EGmRDZ1kTZopOajdosu44oyZ2MEcUsFCwdFhHygE9w0o15m6qaNBXJ07TtldQBHuDBwg1mdkk/sKYYH3tbSb8ef4KYOwYxI6h2G4+x/INtuQqUcEAAAA=[0m[Pipeline] stage
[8mha:////4E1fD259FWhduQ6cm0WdPjGODtjrHGUOX/0nA9CH1m0aAAAApR+LCAAAAAAAAP9tjTEOwjAUQ3+DOrAycoiUzoiJNerCCUITQtLo/zZJSSdOxNW4Ay2VmPBg2Zas93pDGQOcKBjuNHYWY2t570czJ54pdDdPmTu68pYwkte80bkhpc9rbShpWFUw2AjYamw9RYsmwU44+ZCVl2iqSwrzdhTArBrgCYWYyUmG9C1TgP19VJHwx/kLgKlPwOrDYvXyLD8BobDcwgAAAA==[0m[Pipeline] { (Compilation)
[8mha:////4PvJXbzewMJPIyzIuwmnjZ76m4pO6OikFaJzNeFxcLdJAAAAox+LCAAAAAAAAP9tjTESwiAURH/iWNhaeggysXWsbBkaT4AJIoT5nwCRVJ7Iq3kH0cxYucXOvm3e8wXrGOBIQTOrcDAYO8O8m3RZLFMYro4ys3RhHWEkp5hQWVCvTgsKSgqWVDWsOGwUdo6iQZ1gy628y8ZJ1M05hfIdONSmH+EBFS/mJEP6whxgd5v6SPjz/BXA7BPUbfupvX8DpQJrNb4AAAA=[0m[Pipeline] bat

C:\Users\smitkuma\.jenkins\workspace\my-first-pipeline-java>./mvnw clean install -DskipTests 
[INFO] Scanning for projects...
[INFO] 
[INFO] --------------------< com.example:Demo1SpringBoot >---------------------
[INFO] Building Demo1SpringBoot 0.0.1-SNAPSHOT
[INFO] --------------------------------[ war ]---------------------------------
[INFO] 
[INFO] --- maven-clean-plugin:3.2.0:clean (default-clean) @ Demo1SpringBoot ---
[INFO] Deleting C:\Users\smitkuma\.jenkins\workspace\my-first-pipeline-java\target
[INFO] 
[INFO] --- maven-resources-plugin:3.3.1:resources (default-resources) @ Demo1SpringBoot ---
[INFO] Copying 1 resource from src\main\resources to target\classes
[INFO] Copying 0 resource from src\main\resources to target\classes
[INFO] 
[INFO] --- maven-compiler-plugin:3.10.1:compile (default-compile) @ Demo1SpringBoot ---
[INFO] Changes detected - recompiling the module!
[INFO] Compiling 2 source files to C:\Users\smitkuma\.jenkins\workspace\my-first-pipeline-java\target\classes
[INFO] 
[INFO] --- maven-resources-plugin:3.3.1:testResources (default-testResources) @ Demo1SpringBoot ---
[INFO] skip non existing resourceDirectory C:\Users\smitkuma\.jenkins\workspace\my-first-pipeline-java\src\test\resources
[INFO] 
[INFO] --- maven-compiler-plugin:3.10.1:testCompile (default-testCompile) @ Demo1SpringBoot ---
[INFO] Changes detected - recompiling the module!
[INFO] Compiling 1 source file to C:\Users\smitkuma\.jenkins\workspace\my-first-pipeline-java\target\test-classes
[INFO] 
[INFO] --- maven-surefire-plugin:2.22.2:test (default-test) @ Demo1SpringBoot ---
[INFO] Tests are skipped.
[INFO] 
[INFO] --- maven-war-plugin:3.3.2:war (default-war) @ Demo1SpringBoot ---
[INFO] Packaging webapp
[INFO] Assembling webapp [Demo1SpringBoot] in [C:\Users\smitkuma\.jenkins\workspace\my-first-pipeline-java\target\Demo1SpringBoot-0.0.1-SNAPSHOT]
[INFO] Processing war project
[INFO] Copying webapp resources [C:\Users\smitkuma\.jenkins\workspace\my-first-pipeline-java\src\main\webapp]
[INFO] Building war: C:\Users\smitkuma\.jenkins\workspace\my-first-pipeline-java\target\Demo1SpringBoot-0.0.1-SNAPSHOT.war
[INFO] 
[INFO] --- spring-boot-maven-plugin:3.0.6:repackage (repackage) @ Demo1SpringBoot ---
[INFO] Replacing main artifact with repackaged archive
[INFO] 
[INFO] --- maven-install-plugin:3.0.1:install (default-install) @ Demo1SpringBoot ---
[INFO] Installing C:\Users\smitkuma\.jenkins\workspace\my-first-pipeline-java\pom.xml to C:\Users\smitkuma\.m2\repository\com\example\Demo1SpringBoot\0.0.1-SNAPSHOT\Demo1SpringBoot-0.0.1-SNAPSHOT.pom
[INFO] Installing C:\Users\smitkuma\.jenkins\workspace\my-first-pipeline-java\target\Demo1SpringBoot-0.0.1-SNAPSHOT.war to C:\Users\smitkuma\.m2\repository\com\example\Demo1SpringBoot\0.0.1-SNAPSHOT\Demo1SpringBoot-0.0.1-SNAPSHOT.war
[INFO] ------------------------------------------------------------------------
[INFO] BUILD SUCCESS
[INFO] ------------------------------------------------------------------------
[INFO] Total time:  14.789 s
[INFO] Finished at: 2023-04-28T17:15:03+05:30
[INFO] ------------------------------------------------------------------------
[8mha:////4HZEdKFgqM+eauQNHDm+oyaKn6MfD9qqrLrJNJoBvUY1AAAAox+LCAAAAAAAAP9tjTESwiAURH/iWNhaeggyGUvHypah8QSYIEKY/wkQSeWJvJp3EM2MlVvs7NvmPV+wjgGOFDSzCgeDsTPMu0mXxTKF4eooM0sX1hFGcooJlQX16rSgoKRgSVXDisNGYecoGtQJttzKu2ycRN2cUyjfgUNt+hEeUPFiTjKkL8wBdrepj4Q/z18BzN4nqNv9p9o3geV5574AAAA=[0m[Pipeline] }
[8mha:////4AdxoCvoaADT5IKgaHaqE2ElEQfmVyBemWf6wdxVcsT3AAAApB+LCAAAAAAAAP9tjTEOwjAQBC9BFLSUPOICEh2iSmu54QUmNsaJdWdsh6TiRXyNPxCIRMUWq51t5vmCZYpw5GixNdQ5So3D4Hs7LRw4dhfPA7Z8xoYpsTcozSBZm3pGydnAnKKEhYCVocZzcmQzrEWr7qryimx1ynH6DgJKp2/wgEJM5qxi/sIYYXPtdWL6ef4KYAwhQ7nbf2r7Bq/le42+AAAA[0m[Pipeline] // stage
[8mha:////4IDLOpw3zfT8kTcVm1DxFyslt7fp4SsyByNvibI0hmWsAAAAph+LCAAAAAAAAP9tjTEOwjAQBM9BKWgpeYQjJKgQFa3lhheY2Bgn1l2wLyQVL+Jr/IFAJCq22llpNc8XlDnBgZKXjcM2YK6D7GLvpyYHSu0l0iAbOsuaMFN0UrtBk3XHGTWxgzmigIWCpcM6Ug7oGVaqMXdTRYO+OnGatr2CItgbPECoycwm8RfGBOtrbzPhz/NXAGPHILYMxWb3OZZvBXXnAcEAAAA=[0m[Pipeline] stage
[8mha:////4M74DTicWk+m68fRksTYqIub7xL9L/OF1C5z5DOrfE9IAAAApx+LCAAAAAAAAP9tjTEOwjAUQ3+LOrAycohUDLAgpq5RFk4QmhDSRv+Xn5R24kRcjTvQUokJD5ZtyXqvNxSR4UTsRGOx9RhrL7rQuymJgbi9BhpEQxdRE0YKVig7KDK2WqqiZGFRlsNKwtpiHSh6dAk2stEPXQaNrjwnnrajhNybOzwhkxM5aU7fMjJsb72JhD/OXwCMXYJ8t5/tMD+LD/s94rDCAAAA[0m[Pipeline] { (Tests and Deployment)
[8mha:////4JwtHCTzPGroH3xD4nGp+8WmjFtfL/UBXy6nW+wPevZZAAAApx+LCAAAAAAAAP9tjTEOwjAUQ3+LOrAycohULDAgpq5RFk4QmhDSRv+Xn5R24kRcjTvQUokJD5ZtyXqvNxSR4UTsRGOx9RhrL7rQuymJgbi9BhpEQxdRE0YKVig7KDK2WqqiZGFRlsNKwtpiHSh6dAk2stEPXQaNrjwnnrajhNybOzwhkxM5aU7fMjJsb72JhD/OXwCMXYJ8t5/tMD+LD1+IXOLCAAAA[0m[Pipeline] stage
[8mha:////4D3ECDJpyb9u7SBamMaJkPL5GAbOOcSMvJN5gtJCYyatAAAApx+LCAAAAAAAAP9tjTEOwjAUQ3+LOrAycohUTCAhpq5RFk4QmhDSRv+Xn5R24kRcjTvQUokJD5ZtyXqvNxSR4UTsRGOx9RhrL7rQuymJgbi9BhpEQxdRE0YKVig7KDK2WqqiZGFRlsNKwtpiHSh6dAk2stEPXQaNrjwnnrajhNybOzwhkxM5aU7fMjJsb72JhD/OXwCMXYJ8t5/tMD+LD0rlhNLCAAAA[0m[Pipeline] { (Runing unit tests)
[8mha:////4OvFhiG7rpkvANvro+AMUtYa6J3JBchKiHgTJdcwJmIOAAAApB+LCAAAAAAAAP9tjTEOwjAQBC9BFLSUPOIiOhCiSmu54QUmNsaJdWdsh6TiRXyNPxCIRMUWq51t5vmCZYpw5GixNdQ5So3D4Hs7LRw4dhfPA7Z8xoYpsTcozSBZm3pGydnAnKKEhYCVocZzcmQzrEWr7qryimx1ynH6DgJKp2/wgEJM5qxi/sIYYXPtdWL6ef4KYAwZyu3uU/vwBr2eB0O+AAAA[0m[Pipeline] bat

C:\Users\smitkuma\.jenkins\workspace\my-first-pipeline-java>./mvnw test -Punit 
[INFO] Scanning for projects...
[WARNING] The requested profile "unit" could not be activated because it does not exist.
[INFO] 
[INFO] --------------------< com.example:Demo1SpringBoot >---------------------
[INFO] Building Demo1SpringBoot 0.0.1-SNAPSHOT
[INFO] --------------------------------[ war ]---------------------------------
[INFO] 
[INFO] --- maven-resources-plugin:3.3.1:resources (default-resources) @ Demo1SpringBoot ---
[INFO] Copying 1 resource from src\main\resources to target\classes
[INFO] Copying 0 resource from src\main\resources to target\classes
[INFO] 
[INFO] --- maven-compiler-plugin:3.10.1:compile (default-compile) @ Demo1SpringBoot ---
[INFO] Nothing to compile - all classes are up to date
[INFO] 
[INFO] --- maven-resources-plugin:3.3.1:testResources (default-testResources) @ Demo1SpringBoot ---
[INFO] skip non existing resourceDirectory C:\Users\smitkuma\.jenkins\workspace\my-first-pipeline-java\src\test\resources
[INFO] 
[INFO] --- maven-compiler-plugin:3.10.1:testCompile (default-testCompile) @ Demo1SpringBoot ---
[INFO] Nothing to compile - all classes are up to date
[INFO] 
[INFO] --- maven-surefire-plugin:2.22.2:test (default-test) @ Demo1SpringBoot ---
[INFO] 
[INFO] -------------------------------------------------------
[INFO]  T E S T S
[INFO] -------------------------------------------------------
[INFO] Running com.example.demo.Demo1SpringBootApplicationTests
17:15:11.938 [main] DEBUG org.springframework.boot.test.context.SpringBootTestContextBootstrapper -- Neither @ContextConfiguration nor @ContextHierarchy found for test class [Demo1SpringBootApplicationTests]: using SpringBootContextLoader
17:15:11.945 [main] DEBUG org.springframework.test.context.support.AbstractContextLoader -- Could not detect default resource locations for test class [com.example.demo.Demo1SpringBootApplicationTests]: no resource found for suffixes {-context.xml, Context.groovy}.
17:15:11.947 [main] INFO org.springframework.test.context.support.AnnotationConfigContextLoaderUtils -- Could not detect default configuration classes for test class [com.example.demo.Demo1SpringBootApplicationTests]: Demo1SpringBootApplicationTests does not declare any static, non-private, non-final, nested classes annotated with @Configuration.
17:15:11.997 [main] DEBUG org.springframework.boot.test.context.SpringBootTestContextBootstrapper -- Using ContextCustomizers for test class [Demo1SpringBootApplicationTests]: [ExcludeFilterContextCustomizer, DuplicateJsonObjectContextCustomizer, MockitoContextCustomizer, TestRestTemplateContextCustomizer, DisableObservabilityContextCustomizer, PropertyMappingContextCustomizer, Customizer]
17:15:12.146 [main] DEBUG org.springframework.context.annotation.ClassPathScanningCandidateComponentProvider -- Identified candidate component class: file [C:\Users\smitkuma\.jenkins\workspace\my-first-pipeline-java\target\classes\com\example\demo\Demo1SpringBootApplication.class]
17:15:12.200 [main] INFO org.springframework.boot.test.context.SpringBootTestContextBootstrapper -- Found @SpringBootConfiguration com.example.demo.Demo1SpringBootApplication for test class com.example.demo.Demo1SpringBootApplicationTests
17:15:12.510 [main] DEBUG org.springframework.test.context.util.TestContextSpringFactoriesUtils -- Skipping candidate TestExecutionListener [org.springframework.test.context.transaction.TransactionalTestExecutionListener] due to a missing dependency. Specify custom TestExecutionListener classes or make the default TestExecutionListener classes and their required dependencies available. Offending class: [org/springframework/transaction/interceptor/TransactionAttributeSource]
17:15:12.514 [main] DEBUG org.springframework.test.context.util.TestContextSpringFactoriesUtils -- Skipping candidate TestExecutionListener [org.springframework.test.context.jdbc.SqlScriptsTestExecutionListener] due to a missing dependency. Specify custom TestExecutionListener classes or make the default TestExecutionListener classes and their required dependencies available. Offending class: [org/springframework/transaction/interceptor/TransactionAttribute]
17:15:12.517 [main] DEBUG org.springframework.boot.test.context.SpringBootTestContextBootstrapper -- Using TestExecutionListeners for test class [Demo1SpringBootApplicationTests]: [ServletTestExecutionListener, DirtiesContextBeforeModesTestExecutionListener, ApplicationEventsTestExecutionListener, MockitoTestExecutionListener, DependencyInjectionTestExecutionListener, DirtiesContextTestExecutionListener, EventPublishingTestExecutionListener, ResetMocksTestExecutionListener, RestDocsTestExecutionListener, MockRestServiceServerResetTestExecutionListener, MockMvcPrintOnlyOnFailureTestExecutionListener, WebDriverTestExecutionListener, MockWebServiceServerTestExecutionListener]
17:15:12.522 [main] DEBUG org.springframework.test.context.support.AbstractDirtiesContextTestExecutionListener -- Before test class: class [Demo1SpringBootApplicationTests], class annotated with @DirtiesContext [false] with mode [null]

  .   ____          _            __ _ _
 /\\ / ___'_ __ _ _(_)_ __  __ _ \ \ \ \
( ( )\___ | '_ | '_| | '_ \/ _` | \ \ \ \
 \\/  ___)| |_)| | | | | || (_| |  ) ) ) )
  '  |____| .__|_| |_|_| |_\__, | / / / /
 =========|_|==============|___/=/_/_/_/
 :: Spring Boot ::                (v3.0.6)

2023-04-28T17:15:13.454+05:30  INFO 27152 --- [           main] c.e.d.Demo1SpringBootApplicationTests    : Starting Demo1SpringBootApplicationTests using Java 17.0.6 with PID 27152 (started by smitkuma in C:\Users\smitkuma\.jenkins\workspace\my-first-pipeline-java)
2023-04-28T17:15:13.459+05:30  INFO 27152 --- [           main] c.e.d.Demo1SpringBootApplicationTests    : No active profile set, falling back to 1 default profile: "default"
2023-04-28T17:15:17.495+05:30  INFO 27152 --- [           main] o.s.b.a.e.web.EndpointLinksResolver      : Exposing 1 endpoint(s) beneath base path '/actuator'
2023-04-28T17:15:17.659+05:30  INFO 27152 --- [           main] c.e.d.Demo1SpringBootApplicationTests    : Started Demo1SpringBootApplicationTests in 5.016 seconds (process running for 7.434)
[INFO] Tests run: 1, Failures: 0, Errors: 0, Skipped: 0, Time elapsed: 7.433 s - in com.example.demo.Demo1SpringBootApplicationTests
[INFO] 
[INFO] Results:
[INFO] 
[INFO] Tests run: 1, Failures: 0, Errors: 0, Skipped: 0
[INFO] 
[INFO] ------------------------------------------------------------------------
[INFO] BUILD SUCCESS
[INFO] ------------------------------------------------------------------------
[INFO] Total time:  12.851 s
[INFO] Finished at: 2023-04-28T17:15:19+05:30
[INFO] ------------------------------------------------------------------------
[WARNING] The requested profile "unit" could not be activated because it does not exist.
[8mha:////4KoGolJvj/PxfcGlJTZIET2qtN05aR2bw0z5pgW+rYOnAAAApR+LCAAAAAAAAP9tjTEOwjAQBC9BFLSUPOICVEgoFa3lhheYxBgn1l2wHZyKF/E1/oBFJCq2WO1sM683LIOHmr3BTlNvKTQWBzeavDCx76+OE3Z8wYYpsNModZLc6tOMkqOGOUUJCwErTY3jYMlEWItOPVTlFJnqHH3+jgJK297hCYXI5qh8/MLkYXMb28D08/wVwDQMEcr9Ntfu8AEWNdkpvgAAAA==[0m[Pipeline] }
[8mha:////4Ln6wzq8BhdJpwwm4PP/mAgu8boHzlcU83CIbXJgnFCdAAAApR+LCAAAAAAAAP9tjTEOwjAQBC9BFLSUPOKi0FAgqrRWGl5gYmOcWHfGdkgqXsTX+AMWkajYYrWzzbzesI4BThwM9poGS7Gz6N1o8sKJw3B1PGHPF+yYIjuNrZ5aVrpZsOWkYUlRwkrARlPnOFoyCbailw9ZOUmmOqeQv6OA0qo7PKEQ2ZxkSF+YA+xuo4pMP89fAczeJyj3da768AEi+zpyvgAAAA==[0m[Pipeline] // stage
[8mha:////4HiLzxIDarRzGotINGNho+2UKVE/HV0KZ4R88yqL7+kSAAAAqB+LCAAAAAAAAP9tjTEOwjAUQ3+LOrAycohUdGBBTF2jLJwgJCGkjf4vSUo7cSKuxh0IVGLCg2Vbst7zBVUMcKRgWWewdxiVY4MfbU5sotBfPE2sozNThJG8YcJMgrRplyooGVhUlLDisDaoPEWHNsGGd/Iuay/R1qcU8nbgUDp9gwcUPJOTDOlb5gDb66gj4Y/zFwDzkKDc7bM1zedZvQFxA3mDwgAAAA==[0m[Pipeline] stage
[8mha:////4NPWyAeCeYVGU9l8drL9EsH+2gX3lD363hqEJTu6t2UHAAAAph+LCAAAAAAAAP9tjTEOwjAUQ3+LOrAycohUKiNiYo2ycILQhJA0+r9NUtKJE3E17kBLJSY8WLYl673eUMUAJwqGOY2dxdha1vvRzIllCt3NU2aOrqwljOQ1EzoLUvq8VkFJw6qihA2HrcbWU7RoEuy4kw9Ze4mmvqQwb0cOpVUDPKHgMznJkL5lCrC/jyoS/jh/ATD1CcqmWeywPKsPpnFij8IAAAA=[0m[Pipeline] { (Deployment)
[8mha:////4FZPpyb/46QeDcTGz+mJRBaEvvWACOmWJn/E5XabMqNTAAAApB+LCAAAAAAAAP9tjTEOwjAQBC9BFLSUPOIiAR2iSmu54QUmNsaJdWdsh6TiRXyNPxCIRMUWq51t5vmCZYpw5GixNdQ5So3D4Hs7LRw4dhfPA7Z8xoYpsTcozSBZm3pGydnAnKKEhYCVocZzcmQzrEWr7qryimx1ynH6DgJKp2/wgEJM5qxi/sIYYXPtdWL6ef4KYAwZyu3uU/vwBrANZ3i+AAAA[0m[Pipeline] bat

C:\Users\smitkuma\.jenkins\workspace\my-first-pipeline-java>./mvnw spring-boot:run -Dserver.port=8082  
[INFO] Scanning for projects...
[INFO] 
[INFO] --------------------< com.example:Demo1SpringBoot >---------------------
[INFO] Building Demo1SpringBoot 0.0.1-SNAPSHOT
[INFO] --------------------------------[ war ]---------------------------------
[INFO] 
[INFO] >>> spring-boot-maven-plugin:3.0.6:run (default-cli) > test-compile @ Demo1SpringBoot >>>
[INFO] 
[INFO] --- maven-resources-plugin:3.3.1:resources (default-resources) @ Demo1SpringBoot ---
[INFO] Copying 1 resource from src\main\resources to target\classes
[INFO] Copying 0 resource from src\main\resources to target\classes
[INFO] 
[INFO] --- maven-compiler-plugin:3.10.1:compile (default-compile) @ Demo1SpringBoot ---
[INFO] Nothing to compile - all classes are up to date
[INFO] 
[INFO] --- maven-resources-plugin:3.3.1:testResources (default-testResources) @ Demo1SpringBoot ---
[INFO] skip non existing resourceDirectory C:\Users\smitkuma\.jenkins\workspace\my-first-pipeline-java\src\test\resources
[INFO] 
[INFO] --- maven-compiler-plugin:3.10.1:testCompile (default-testCompile) @ Demo1SpringBoot ---
[INFO] Nothing to compile - all classes are up to date
[INFO] 
[INFO] <<< spring-boot-maven-plugin:3.0.6:run (default-cli) < test-compile @ Demo1SpringBoot <<<
[INFO] 
[INFO] 
[INFO] --- spring-boot-maven-plugin:3.0.6:run (default-cli) @ Demo1SpringBoot ---
[INFO] Attaching agents: []

  .   ____          _            __ _ _
 /\\ / ___'_ __ _ _(_)_ __  __ _ \ \ \ \
( ( )\___ | '_ | '_| | '_ \/ _` | \ \ \ \
 \\/  ___)| |_)| | | | | || (_| |  ) ) ) )
  '  |____| .__|_| |_|_| |_\__, | / / / /
 =========|_|==============|___/=/_/_/_/
 :: Spring Boot ::                (v3.0.6)

2023-04-28T17:15:28.515+05:30  INFO 25344 --- [  restartedMain] c.e.demo.Demo1SpringBootApplication      : Starting Demo1SpringBootApplication using Java 17.0.6 with PID 25344 (C:\Users\smitkuma\.jenkins\workspace\my-first-pipeline-java\target\classes started by smitkuma in C:\Users\smitkuma\.jenkins\workspace\my-first-pipeline-java)
2023-04-28T17:15:28.533+05:30  INFO 25344 --- [  restartedMain] c.e.demo.Demo1SpringBootApplication      : No active profile set, falling back to 1 default profile: "default"
2023-04-28T17:15:28.627+05:30  INFO 25344 --- [  restartedMain] .e.DevToolsPropertyDefaultsPostProcessor : Devtools property defaults active! Set 'spring.devtools.add-properties' to 'false' to disable
2023-04-28T17:15:28.628+05:30  INFO 25344 --- [  restartedMain] .e.DevToolsPropertyDefaultsPostProcessor : For additional web related logging consider setting the 'logging.level.web' property to 'DEBUG'
2023-04-28T17:15:31.010+05:30  INFO 25344 --- [  restartedMain] o.s.b.w.embedded.tomcat.TomcatWebServer  : Tomcat initialized with port(s): 8082 (http)
2023-04-28T17:15:31.042+05:30  INFO 25344 --- [  restartedMain] o.apache.catalina.core.StandardService   : Starting service [Tomcat]
2023-04-28T17:15:31.043+05:30  INFO 25344 --- [  restartedMain] o.apache.catalina.core.StandardEngine    : Starting Servlet engine: [Apache Tomcat/10.1.8]
2023-04-28T17:15:31.392+05:30  INFO 25344 --- [  restartedMain] org.apache.jasper.servlet.TldScanner     : At least one JAR was scanned for TLDs yet contained no TLDs. Enable debug logging for this logger for a complete list of JARs that were scanned but no TLDs were found in them. Skipping unneeded JARs during scanning can improve startup time and JSP compilation time.
2023-04-28T17:15:31.408+05:30  INFO 25344 --- [  restartedMain] o.a.c.c.C.[Tomcat].[localhost].[/]       : Initializing Spring embedded WebApplicationContext
2023-04-28T17:15:31.418+05:30  INFO 25344 --- [  restartedMain] w.s.c.ServletWebServerApplicationContext : Root WebApplicationContext: initialization completed in 2781 ms
2023-04-28T17:15:32.281+05:30  INFO 25344 --- [  restartedMain] o.s.b.d.a.OptionalLiveReloadServer       : LiveReload server is running on port 35729
2023-04-28T17:15:32.289+05:30  INFO 25344 --- [  restartedMain] o.s.b.a.e.web.EndpointLinksResolver      : Exposing 1 endpoint(s) beneath base path '/actuator'
2023-04-28T17:15:32.404+05:30  INFO 25344 --- [  restartedMain] o.s.b.w.embedded.tomcat.TomcatWebServer  : Tomcat started on port(s): 8082 (http) with context path ''
2023-04-28T17:15:32.451+05:30  INFO 25344 --- [  restartedMain] c.e.demo.Demo1SpringBootApplication      : Started Demo1SpringBootApplication in 4.691 seconds (process running for 5.71)
2023-04-28T17:16:43.528+05:30  INFO 25344 --- [nio-8082-exec-1] o.a.c.c.C.[Tomcat].[localhost].[/]       : Initializing Spring DispatcherServlet 'dispatcherServlet'
2023-04-28T17:16:43.529+05:30  INFO 25344 --- [nio-8082-exec-1] o.s.web.servlet.DispatcherServlet        : Initializing Servlet 'dispatcherServlet'
2023-04-28T17:16:43.531+05:30  INFO 25344 --- [nio-8082-exec-1] o.s.web.servlet.DispatcherServlet        : Completed initialization in 2 ms
Sending interrupt signal to process
[INFO] ------------------------------------------------------------------------
[INFO] BUILD FAILURE
[INFO] ------------------------------------------------------------------------
[INFO] Total time:  08:37 min
[INFO] Finished at: 2023-04-28T17:23:59+05:30
[INFO] ------------------------------------------------------------------------
[ERROR] Failed to execute goal org.springframework.boot:spring-boot-maven-plugin:3.0.6:run (default-cli) on project Demo1SpringBoot: Process terminated with exit code: 1 -> [Help 1]
[ERROR] 
[ERROR] To see the full stack trace of the errors, re-run Maven with the -e switch.
[ERROR] Re-run Maven using the -X switch to enable full debug logging.
[ERROR] 
[ERROR] For more information about the errors and possible solutions, please read the following articles:
[ERROR] [Help 1] http://cwiki.apache.org/confluence/display/MAVEN/MojoExecutionException
script returned exit code -1
[8mha:////4MUmQhxQcJgsafHhS9LtHoBO5XjbE5C+p+LilMI+4WqHAAAApB+LCAAAAAAAAP9tjTEOwjAQBC9BFLSUPOIigagQVVrLDS8wsTFOrDtjOyQVL+Jr/IFAJCq2WO1sM88XLFOEI0eLraHOUWocBt/baeHAsbt4HrDlMzZMib1BaQbJ2tQzSs4G5hQlLASsDDWekyObYS1adVeVV2SrU47TdxBQOn2DBxRiMmcV8xfGCJtrrxPTz/NXAGMIGcrt/lO7N+4u68W+AAAA[0m[Pipeline] }
[8mha:////4AvrWGR+V3U71gj4ZAjW8U4XupswLG97Wx8wTFbDd7vRAAAApB+LCAAAAAAAAP9tjTESwiAURH/iWNhaeggyk8LGsbJlaDwBJogQ5n8CRFJ5Iq/mHUQzY+UWO/u2ec8XrGOAIwXNrMLBYOwM827SZbFMYbg6yszShXWEkZxiQmVBvTotKCgpWFLVsOKwUdg5igZ1gi238i4bJ1E35xTKd+BQm36EB1S8mJMM6QtzgN1t6iPhz/NXALP3Cep2/6n2DdZseDS+AAAA[0m[Pipeline] // stage
[8mha:////4DtBj43TxbDzksphOvglPE7GkIYMcfek6dBHnNkf7HL2AAAApR+LCAAAAAAAAP9tjTEOwjAQBC9BFLSUPOIiKKBAqWgtN7zAJMY4se6C7eBUvIiv8QcsIlGxxWpnm3m9YRk81OwNdpp6S6GxOLjR5IWJfX91nLDjCzZMgZ1GqZPkVp9mlBw1zClKWAhYaWocB0smwlp06qEqp8hU5+jzdxRQ2vYOTyhENkfl4xcmD5vb2Aamn+evAKZhiFDuDrm2+w+pKGTTvgAAAA==[0m[Pipeline] }
[8mha:////4Pv5v7L/KieIlwpKe8fvHsGBvxjVDDU2F9nlDJBBmbteAAAAph+LCAAAAAAAAP9tjTEOwjAQBC9BFLSUPOIikJCQUCpayw0vMIkxTqy7YDs4FS/ia/wBi0hUbLHa2WZeb1gGDzV7g52m3lJoLA5uNHlhYt9fHSfs+IINU2CnUeokudWnGSVHDXOKEhYCVpoax8GSibAWnXqoyiky1Tn6/B0FlLa9wxMKkc1R+fiFycPmNraB6ef5K4BpGCKUu0Ou7f4Dxss7u74AAAA=[0m[Pipeline] // stage
[8mha:////4I2jnakdaWPYForwruLPuDrsliTR7mH9zv1SL3zrx/QMAAAApB+LCAAAAAAAAP9tjTEOwjAQBDdBFLSUPMKREA1CVLRWGl5gEmOcWHfBvpBUvIiv8QciIlGx1c4083pjmSKOHJ1qLLWeUuVVF3o3PTVwbK+BB9XwRVVMiYNVpR1Kru1pxpLFYl6WY6GxslQFTp6cYK0b8zBFMOSKs8TJHTRyX9/xRKanspgoXxgjNre+Tky/zt8Axq4T5Nu9INt9AFo7wVm9AAAA[0m[Pipeline] }
[8mha:////4Lji0uIH2cqUyMRYOl4AaDaabwGoR2qw0DBPlrIiUwZMAAAAoh+LCAAAAAAAAP9tjbEOgjAURS8YB1dHP6KYMBon14bFL6hQa6F5D9uHMPlF/pr/IJHEyTvdc5bzemOdIo4cnWotdZ5S7VUfBjc/NXLsroFH1fJF1UyJg1WVHStu7GnBisViWZZjpbGxVAdOnpxgq1vzMEUw5IqzxNkdNHLf3PFEpueymChfmCJ2t6FJTL/O3wCmvhfk5V6QlR8tH+kBvQAAAA==[0m[Pipeline] // node
[8mha:////4HarI9V98f51Pv4ZZy+pxAWJtAy1U0AZJMH+s6o3ubagAAAAoh+LCAAAAAAAAP9tjTEOwjAQBDdBFLSUPMIRUCIqWisNLzCJMU6su2BfSCpexNf4AxGRqNhqZ5p5vbFMEUeOTjWWWk+p8qoLvZueGji218CDaviiKqbEwarSDiXX9jRjyWIxL8ux0FhZqgInT06w1o15mCIYcsVZ4uQOGrmv73gi01NZTJQvjBGbW18npl/nbwBj1wny/VaQ7T4LBo5LvQAAAA==[0m[Pipeline] End of Pipeline
Aborted by [8mha:////4DSHz5odlkv+AW6ysSMk451hKuaDxUJevFYKaxAilkPfAAAAlx+LCAAAAAAAAP9b85aBtbiIQTGjNKU4P08vOT+vOD8nVc83PyU1x6OyILUoJzMv2y+/JJUBAhiZGBgqihhk0NSjKDWzXb3RdlLBUSYGJk8GtpzUvPSSDB8G5tKinBIGIZ+sxLJE/ZzEvHT94JKizLx0a6BxUmjGOUNodHsLgAzeEgZu/dLi1CL94tzMkkQAMT/n7cAAAAA=[0mSmita B Kumar
Finished: ABORTED
